[debug] [2024-09-17T07:16:09.060Z] ----------------------------------------------------------------------
[debug] [2024-09-17T07:16:09.063Z] Command:       C:\Program Files\nodejs\node.exe C:\Users\Mohan Krishna\AppData\Roaming\npm\node_modules\firebase-tools\lib\bin\firebase.js init
[debug] [2024-09-17T07:16:09.063Z] CLI Version:   13.15.2
[debug] [2024-09-17T07:16:09.064Z] Platform:      win32
[debug] [2024-09-17T07:16:09.064Z] Node Version:  v20.16.0
[debug] [2024-09-17T07:16:09.064Z] Time:          Tue Sep 17 2024 15:16:09 GMT+0800 (Singapore Standard Time)
[debug] [2024-09-17T07:16:09.064Z] ----------------------------------------------------------------------
[debug] 
[debug] [2024-09-17T07:16:09.158Z] > command requires scopes: ["email","openid","https://www.googleapis.com/auth/cloudplatformprojects.readonly","https://www.googleapis.com/auth/firebase","https://www.googleapis.com/auth/cloud-platform"]
[debug] [2024-09-17T07:16:09.158Z] > authorizing via signed-in user (mohanlmos@gmail.com)
[info] 
     ######## #### ########  ######## ########     ###     ######  ########
     ##        ##  ##     ## ##       ##     ##  ##   ##  ##       ##
     ######    ##  ########  ######   ########  #########  ######  ######
     ##        ##  ##    ##  ##       ##     ## ##     ##       ## ##
     ##       #### ##     ## ######## ########  ##     ##  ######  ########

You're about to initialize a Firebase project in this directory:

  C:\Users\Mohan Krishna\Documents\hello-world\hello-world-app

Before we get started, keep in mind:

  * You are initializing within an existing Firebase project directory

